<?xml version="1.0" encoding="UTF-8"?>
<testsuite name="AccountServiceTest" tests="1" skipped="0" failures="0" errors="0" timestamp="2022-07-14T05:17:38" hostname="BLACKHOLE" time="3.579">
  <properties/>
  <testcase name="start" classname="AccountServiceTest" time="3.579"/>
  <system-out><![CDATA[?[1;31m
Start test 1?[0m

  .   ____          _            __ _ _
 /\\ / ___'_ __ _ _(_)_ __  __ _ \ \ \ \
( ( )\___ | '_ | '_| | '_ \/ _` | \ \ \ \
 \\/  ___)| |_)| | | | | || (_| |  ) ) ) )
  '  |____| .__|_| |_|_| |_\__, | / / / /
 =========|_|==============|___/=/_/_/_/
 :: Spring Boot ::        (v2.3.1.RELEASE)

?[32m2022-07-14 01:17:39,203?[0;39m ?[34mINFO ?[0;39m [?[34mTest worker?[0;39m] ?[33morg.springframework.boot.StartupInfoLogger?[0;39m: Starting AccountServiceApplication on BlackHole with PID 18344 (started by Tae in D:\JetBrains Academy\Account Service\Account Service\task)
?[32m2022-07-14 01:17:39,205?[0;39m ?[34mINFO ?[0;39m [?[34mTest worker?[0;39m] ?[33morg.springframework.boot.SpringApplication?[0;39m: No active profile set, falling back to default profiles: default
?[32m2022-07-14 01:17:39,782?[0;39m ?[34mINFO ?[0;39m [?[34mTest worker?[0;39m] ?[33morg.springframework.data.repository.config.RepositoryConfigurationDelegate?[0;39m: Bootstrapping Spring Data JPA repositories in DEFERRED mode.
?[32m2022-07-14 01:17:39,833?[0;39m ?[34mINFO ?[0;39m [?[34mTest worker?[0;39m] ?[33morg.springframework.data.repository.config.RepositoryConfigurationDelegate?[0;39m: Finished Spring Data repository scanning in 46ms. Found 4 JPA repository interfaces.
?[32m2022-07-14 01:17:40,058?[0;39m ?[34mINFO ?[0;39m [?[34mTest worker?[0;39m] ?[33morg.springframework.context.support.PostProcessorRegistrationDelegate$BeanPostProcessorChecker?[0;39m: Bean 'org.springframework.security.access.expression.method.DefaultMethodSecurityExpressionHandler@33f17289' of type [org.springframework.security.access.expression.method.DefaultMethodSecurityExpressionHandler] is not eligible for getting processed by all BeanPostProcessors (for example: not eligible for auto-proxying)
?[32m2022-07-14 01:17:40,059?[0;39m ?[34mINFO ?[0;39m [?[34mTest worker?[0;39m] ?[33morg.springframework.context.support.PostProcessorRegistrationDelegate$BeanPostProcessorChecker?[0;39m: Bean 'methodSecurityConfig' of type [account.security.MethodSecurityConfig$$EnhancerBySpringCGLIB$$488b5fbf] is not eligible for getting processed by all BeanPostProcessors (for example: not eligible for auto-proxying)
?[32m2022-07-14 01:17:40,063?[0;39m ?[34mINFO ?[0;39m [?[34mTest worker?[0;39m] ?[33morg.springframework.context.support.PostProcessorRegistrationDelegate$BeanPostProcessorChecker?[0;39m: Bean 'methodSecurityMetadataSource' of type [org.springframework.security.access.method.DelegatingMethodSecurityMetadataSource] is not eligible for getting processed by all BeanPostProcessors (for example: not eligible for auto-proxying)
?[32m2022-07-14 01:17:40,241?[0;39m ?[34mINFO ?[0;39m [?[34mTest worker?[0;39m] ?[33morg.springframework.boot.web.embedded.tomcat.TomcatWebServer?[0;39m: Tomcat initialized with port(s): 28852 (https)
?[32m2022-07-14 01:17:40,248?[0;39m ?[34mINFO ?[0;39m [?[34mTest worker?[0;39m] ?[33morg.apache.juli.logging.DirectJDKLog?[0;39m: Initializing ProtocolHandler ["https-jsse-nio-28852"]
?[32m2022-07-14 01:17:40,249?[0;39m ?[34mINFO ?[0;39m [?[34mTest worker?[0;39m] ?[33morg.apache.juli.logging.DirectJDKLog?[0;39m: Starting service [Tomcat]
?[32m2022-07-14 01:17:40,249?[0;39m ?[34mINFO ?[0;39m [?[34mTest worker?[0;39m] ?[33morg.apache.juli.logging.DirectJDKLog?[0;39m: Starting Servlet engine: [Apache Tomcat/9.0.36]
?[32m2022-07-14 01:17:40,311?[0;39m ?[34mINFO ?[0;39m [?[34mTest worker?[0;39m] ?[33morg.apache.juli.logging.DirectJDKLog?[0;39m: Initializing Spring embedded WebApplicationContext
?[32m2022-07-14 01:17:40,312?[0;39m ?[34mINFO ?[0;39m [?[34mTest worker?[0;39m] ?[33morg.springframework.boot.web.servlet.context.ServletWebServerApplicationContext?[0;39m: Root WebApplicationContext: initialization completed in 1079 ms
?[32m2022-07-14 01:17:40,393?[0;39m ?[34mINFO ?[0;39m [?[34mTest worker?[0;39m] ?[33mcom.zaxxer.hikari.HikariDataSource?[0;39m: HikariPool-1 - Starting...
?[32m2022-07-14 01:17:40,494?[0;39m ?[34mINFO ?[0;39m [?[34mTest worker?[0;39m] ?[33mcom.zaxxer.hikari.HikariDataSource?[0;39m: HikariPool-1 - Start completed.
?[32m2022-07-14 01:17:40,498?[0;39m ?[34mINFO ?[0;39m [?[34mTest worker?[0;39m] ?[33morg.springframework.boot.autoconfigure.h2.H2ConsoleAutoConfiguration?[0;39m: H2 console available at '/h2'. Database available at 'jdbc:h2:file:../service_db'
?[32m2022-07-14 01:17:40,588?[0;39m ?[34mINFO ?[0;39m [?[34mTest worker?[0;39m] ?[33morg.springframework.scheduling.concurrent.ExecutorConfigurationSupport?[0;39m: Initializing ExecutorService 'applicationTaskExecutor'
?[32m2022-07-14 01:17:40,637?[0;39m ?[34mINFO ?[0;39m [?[34mtask-1?[0;39m] ?[33morg.hibernate.jpa.internal.util.LogHelper?[0;39m: HHH000204: Processing PersistenceUnitInfo [name: default]
?[32m2022-07-14 01:17:40,682?[0;39m ?[34mINFO ?[0;39m [?[34mtask-1?[0;39m] ?[33morg.hibernate.Version?[0;39m: HHH000412: Hibernate ORM core version 5.4.17.Final
?[32m2022-07-14 01:17:40,766?[0;39m ?[34mINFO ?[0;39m [?[34mtask-1?[0;39m] ?[33morg.hibernate.annotations.common.reflection.java.JavaReflectionManager?[0;39m: HCANN000001: Hibernate Commons Annotations {5.1.0.Final}
?[32m2022-07-14 01:17:40,839?[0;39m ?[34mINFO ?[0;39m [?[34mtask-1?[0;39m] ?[33morg.hibernate.dialect.Dialect?[0;39m: HHH000400: Using dialect: org.hibernate.dialect.H2Dialect
Hibernate: create table payments_table (id bigint not null, employee varchar(255), period varchar(255), salary bigint not null check (salary>=0), user_id bigint, primary key (id))
Hibernate: create table principal_groups (id bigint generated by default as identity, code varchar(255) not null, name varchar(255), primary key (id))
Hibernate: create table security_events_table (id bigint generated by default as identity, action varchar(255), date timestamp, object varchar(255), path varchar(255), subject varchar(255), primary key (id))
Hibernate: create table user_groups (user_id bigint not null, group_id bigint not null, primary key (user_id, group_id))
Hibernate: create table users_table (id bigint not null, account_non_locked boolean, email varchar(255), enabled boolean not null, failed_attempt integer, lastname varchar(255), lock_time timestamp, name varchar(255), password varchar(255), primary key (id))
Hibernate: alter table principal_groups drop constraint if exists UK_tlpwlodw0dsm3ubrce9nhcje
Hibernate: alter table principal_groups add constraint UK_tlpwlodw0dsm3ubrce9nhcje unique (code)
Hibernate: create sequence hibernate_sequence start with 1 increment by 1
Hibernate: alter table payments_table add constraint FKiq9xhfonba85me8w1yqs50fkt foreign key (user_id) references users_table
Hibernate: alter table user_groups add constraint FKdaxwmvmgdbd3y709jp0l7p7b6 foreign key (group_id) references principal_groups
Hibernate: alter table user_groups add constraint FK2vm1m276b6bbunevw1pvso6ot foreign key (user_id) references users_table
?[32m2022-07-14 01:17:41,308?[0;39m ?[34mINFO ?[0;39m [?[34mtask-1?[0;39m] ?[33morg.hibernate.engine.transaction.jta.platform.internal.JtaPlatformInitiator?[0;39m: HHH000490: Using JtaPlatform implementation: [org.hibernate.engine.transaction.jta.platform.internal.NoJtaPlatform]
?[32m2022-07-14 01:17:41,317?[0;39m ?[34mINFO ?[0;39m [?[34mtask-1?[0;39m] ?[33morg.springframework.orm.jpa.AbstractEntityManagerFactoryBean?[0;39m: Initialized JPA EntityManagerFactory for persistence unit 'default'
Hibernate: select count(*) as col_0_0_ from principal_groups group0_
Hibernate: insert into principal_groups (id, code, name) values (null, ?, ?)
Hibernate: insert into principal_groups (id, code, name) values (null, ?, ?)
Hibernate: insert into principal_groups (id, code, name) values (null, ?, ?)
Hibernate: insert into principal_groups (id, code, name) values (null, ?, ?)
?[32m2022-07-14 01:17:41,614?[0;39m ?[31mWARN ?[0;39m [?[34mTest worker?[0;39m] ?[33morg.springframework.boot.autoconfigure.orm.jpa.JpaBaseConfiguration$JpaWebConfiguration?[0;39m: spring.jpa.open-in-view is enabled by default. Therefore, database queries may be performed during view rendering. Explicitly configure spring.jpa.open-in-view to disable this warning
?[32m2022-07-14 01:17:41,880?[0;39m ?[34mINFO ?[0;39m [?[34mTest worker?[0;39m] ?[33morg.springframework.boot.actuate.endpoint.web.EndpointLinksResolver?[0;39m: Exposing 14 endpoint(s) beneath base path '/actuator'
?[32m2022-07-14 01:17:41,910?[0;39m ?[34mINFO ?[0;39m [?[34mTest worker?[0;39m] ?[33morg.springframework.security.web.DefaultSecurityFilterChain?[0;39m: Creating filter chain: any request, [org.springframework.security.web.context.request.async.WebAsyncManagerIntegrationFilter@2bf4fa1, org.springframework.security.web.context.SecurityContextPersistenceFilter@3e839aa3, org.springframework.security.web.header.HeaderWriterFilter@23d060c2, org.springframework.security.web.authentication.logout.LogoutFilter@121dce2, org.springframework.security.web.authentication.www.BasicAuthenticationFilter@3340ce58, org.springframework.security.web.savedrequest.RequestCacheAwareFilter@2919aff3, org.springframework.security.web.servletapi.SecurityContextHolderAwareRequestFilter@24955144, org.springframework.security.web.authentication.AnonymousAuthenticationFilter@27210a3b, org.springframework.security.web.session.SessionManagementFilter@81a8898, org.springframework.security.web.access.ExceptionTranslationFilter@1b732dd, org.springframework.security.web.access.intercept.FilterSecurityInterceptor@3a0baec0]
?[32m2022-07-14 01:17:42,032?[0;39m ?[34mINFO ?[0;39m [?[34mTest worker?[0;39m] ?[33morg.apache.juli.logging.DirectJDKLog?[0;39m: Starting ProtocolHandler ["https-jsse-nio-28852"]
?[32m2022-07-14 01:17:42,207?[0;39m ?[34mINFO ?[0;39m [?[34mTest worker?[0;39m] ?[33morg.springframework.boot.web.embedded.tomcat.TomcatWebServer?[0;39m: Tomcat started on port(s): 28852 (https) with context path ''
?[32m2022-07-14 01:17:42,208?[0;39m ?[34mINFO ?[0;39m [?[34mTest worker?[0;39m] ?[33morg.springframework.data.repository.config.DeferredRepositoryInitializationListener?[0;39m: Triggering deferred initialization of Spring Data repositories…
?[32m2022-07-14 01:17:42,263?[0;39m ?[34mINFO ?[0;39m [?[34mTest worker?[0;39m] ?[33morg.springframework.data.repository.config.DeferredRepositoryInitializationListener?[0;39m: Spring Data repositories initialized!
?[32m2022-07-14 01:17:42,270?[0;39m ?[34mINFO ?[0;39m [?[34mTest worker?[0;39m] ?[33morg.springframework.boot.StartupInfoLogger?[0;39m: Started AccountServiceApplication in 3.241 seconds (JVM running for 3.729)
CN=accountant_service, OU=Unknown, O=Unknown, L=Unknown, ST=Unknown, C=Unknown SHA256withRSA
]]></system-out>
  <system-err><![CDATA[]]></system-err>
</testsuite>
